<?xml version="1.0" encoding="UTF-8" ?>
<testsuite tests="9" failures="0" name="com.pinyougou.test.SpringMapperTest" time="21.73" errors="0" skipped="0">
  <properties>
[...]
</properties>
  <testcase classname="com.pinyougou.test.SpringMapperTest" name="testSelectAll" time="8.239"/>
  <testcase classname="com.pinyougou.test.SpringMapperTest" name="testSelectOne" time="2.753"/>
  <testcase classname="com.pinyougou.test.SpringMapperTest" name="testDeleteByPrimaryKey" time="2.221"/>
  <testcase classname="com.pinyougou.test.SpringMapperTest" name="testDeleteByExample" time="1.819"/>
  <testcase classname="com.pinyougou.test.SpringMapperTest" name="testInsertSelective" time="1.223"/>
  <testcase classname="com.pinyougou.test.SpringMapperTest" name="testUpdateByExample" time="1.312"/>
  <testcase classname="com.pinyougou.test.SpringMapperTest" name="testDelete" time="1.234"/>
  <testcase classname="com.pinyougou.test.SpringMapperTest" name="testInsert" time="1.393"/>
  <testcase classname="com.pinyougou.test.SpringMapperTest" name="testSelect" time="1.536"/>
</testsuite>